{
  "stats": {
    "suites": 1,
    "tests": 1,
    "passes": 0,
    "pending": 0,
    "failures": 1,
    "start": "2025-12-29T14:34:11.624Z",
    "end": "2025-12-29T14:34:38.709Z",
    "duration": 27085,
    "testsRegistered": 1,
    "passPercent": 0,
    "pendingPercent": 0,
    "other": 0,
    "hasOther": false,
    "skipped": 0,
    "hasSkipped": false
  },
  "results": [
    {
      "uuid": "f9adc713-9b85-48e8-aa88-601e4ec5f7d2",
      "title": "",
      "fullFile": "cypress\\e2e\\Regression_Suit\\11_testfail.cy.js",
      "file": "cypress\\e2e\\Regression_Suit\\11_testfail.cy.js",
      "beforeHooks": [],
      "afterHooks": [],
      "tests": [],
      "suites": [
        {
          "uuid": "e4070634-8177-40cb-93d0-7623642f5463",
          "title": "11_failed",
          "fullFile": "",
          "file": "",
          "beforeHooks": [],
          "afterHooks": [],
          "tests": [
            {
              "title": "02_failed",
              "fullTitle": "11_failed 02_failed",
              "timedOut": null,
              "duration": 12114,
              "state": "failed",
              "speed": null,
              "pass": false,
              "fail": true,
              "pending": false,
              "context": null,
              "code": "//verify the  no item count added to cart \n_Homepage.homepage.verifyCartIconQuantity(0);\n//add Sauce Labs Bike Light in the cart\n_Homepage.homepage.AddingItemtoCart(\"123\");\n//verify the item count added to cart \n_Homepage.homepage.verifyCartIconQuantity(1);\ncy.wait(1000);\n//add Sauce Labs Backpack in the cart\n_Homepage.homepage.AddingItemtoCart(Bagpack);\n//verify the item count added to cart \n_Homepage.homepage.verifyCartIconQuantity(2);\n//click on the cart icon \n_Homepage.homepage.ClickonCartBtn();\n//verify the product is added in to the cart \n_CartPage.cartpage.verifytheCartpageOpened();\n//verify the item is added to the cart \n_CartPage.cartpage.VerifyAddedItemtoCart(Bike_light);\n//verify the item is added to the cart \n_CartPage.cartpage.VerifyAddedItemtoCart(Bagpack);\n//verify the item count added to cart \n_Homepage.homepage.verifyCartIconQuantity(2);\n//click on checkout button\n_CartPage.cartpage.clickOnCheckoutButton();\n//verify checkout page open\n_CheckoutPage.checkout_page.verifytheCheckoutpageOpened();\n//enter your information for checkout\n_CheckoutPage.checkout_page.enterDetailsforCheckout(checkout_Info_Parameter);\n//verify the item count added to cart \n_Homepage.homepage.verifyCartIconQuantity(2);\n//click on Continue button\n_CheckoutPage.checkout_page.clickOnContinueButton();\n//verify the item is added to the cart \n_CheckoutPage.checkout_page.VerifyProductNameAndPriceInFinalStep(Bike_light, Price_Item_1);\n//verify the item is added to the cart \n_CheckoutPage.checkout_page.VerifyProductNameAndPriceInFinalStep(Bagpack, Price_Item_2);\n//verify total Price to pay after tax\n_CheckoutPage.checkout_page.verifyTotalPriceToPay();\n//click on Finish Button\n_CheckoutPage.checkout_page.clickOnFinishButton();\n//verify Purchase was successful\n_CheckoutPage.checkout_page.VerifyPurchase_Success();\n//verify the item count added to cart \n_Homepage.homepage.verifyCartIconQuantity(0);",
              "err": {
                "message": "AssertionError: Timed out retrying after 10000ms: Expected to find element: `[id=\"shopping_cart_container\"] span`, but never found it.",
                "estack": "AssertionError: Timed out retrying after 10000ms: Expected to find element: `[id=\"shopping_cart_container\"] span`, but never found it.\n    at Homepage.verifyCartIconQuantity (webpack://cypress_task/./cypress/support/pageObjects/Homepage.js:31:96)\n    at Context.eval (webpack://cypress_task/./cypress/e2e/Regression_Suit/11_testfail.cy.js:53:17)",
                "diff": null
              },
              "uuid": "2204eea0-6839-488d-83ee-79b7ae8c6dac",
              "parentUUID": "e4070634-8177-40cb-93d0-7623642f5463",
              "isHook": false,
              "skipped": false
            }
          ],
          "suites": [],
          "passes": [],
          "failures": [
            "2204eea0-6839-488d-83ee-79b7ae8c6dac"
          ],
          "pending": [],
          "skipped": [],
          "duration": 12114,
          "root": false,
          "rootEmpty": false,
          "_timeout": 2000
        }
      ],
      "passes": [],
      "failures": [],
      "pending": [],
      "skipped": [],
      "duration": 0,
      "root": true,
      "rootEmpty": true,
      "_timeout": 2000
    }
  ],
  "meta": {
    "mocha": {
      "version": "7.2.0"
    },
    "mochawesome": {
      "options": {
        "quiet": false,
        "reportFilename": "[status]_[datetime]-[name]",
        "saveHtml": false,
        "saveJson": true,
        "consoleReporter": "spec",
        "useInlineDiffs": false,
        "code": true
      },
      "version": "7.1.3"
    },
    "marge": {
      "options": {
        "reportDir": "./cypress/results",
        "reportFilename": "[status]_[datetime]-[name]",
        "overwrite": true,
        "html": false,
        "json": true
      },
      "version": "6.2.0"
    }
  }
}