{
  "stats": {
    "suites": 1,
    "tests": 1,
    "passes": 1,
    "pending": 0,
    "failures": 0,
    "start": "2025-05-09T07:50:28.840Z",
    "end": "2025-05-09T07:50:38.591Z",
    "duration": 9751,
    "testsRegistered": 1,
    "passPercent": 100,
    "pendingPercent": 0,
    "other": 0,
    "hasOther": false,
    "skipped": 0,
    "hasSkipped": false
  },
  "results": [
    {
      "uuid": "1b58ed65-93bb-4b87-96b2-98f1e80ad443",
      "title": "",
      "fullFile": "cypress\\e2e\\Cart_Testcases\\01_verify_Adding_single_item_to_cart.cy.js",
      "file": "cypress\\e2e\\Cart_Testcases\\01_verify_Adding_single_item_to_cart.cy.js",
      "beforeHooks": [],
      "afterHooks": [],
      "tests": [],
      "suites": [
        {
          "uuid": "62f8de73-7fd5-4bf6-bf70-1df3e964a770",
          "title": "01_verify_Adding_single_item_to_cart",
          "fullFile": "",
          "file": "",
          "beforeHooks": [],
          "afterHooks": [],
          "tests": [
            {
              "title": "01_verify_Adding_single_item_to_cart",
              "fullTitle": "01_verify_Adding_single_item_to_cart 01_verify_Adding_single_item_to_cart",
              "timedOut": null,
              "duration": 5877,
              "state": "passed",
              "speed": "medium",
              "pass": true,
              "fail": false,
              "pending": false,
              "context": null,
              "code": "//add Sauce Labs Backpack in the cart\n_Homepage.homepage.AddingItemtoCart(Bagpack);\n//verify the item count added to cart \n_Homepage.homepage.verifyCartIconQuantity(1);\n//verify remove item button is visible for the same product\n_Homepage.homepage.verifyRemovefromCartButton(Bagpack);",
              "err": {},
              "uuid": "4742cd63-c14b-4d9f-a5b5-140bd1e337f2",
              "parentUUID": "62f8de73-7fd5-4bf6-bf70-1df3e964a770",
              "isHook": false,
              "skipped": false
            }
          ],
          "suites": [],
          "passes": [
            "4742cd63-c14b-4d9f-a5b5-140bd1e337f2"
          ],
          "failures": [],
          "pending": [],
          "skipped": [],
          "duration": 5877,
          "root": false,
          "rootEmpty": false,
          "_timeout": 2000
        }
      ],
      "passes": [],
      "failures": [],
      "pending": [],
      "skipped": [],
      "duration": 0,
      "root": true,
      "rootEmpty": true,
      "_timeout": 2000
    }
  ],
  "meta": {
    "mocha": {
      "version": "7.2.0"
    },
    "mochawesome": {
      "options": {
        "quiet": false,
        "reportFilename": "[status]_[datetime]-[name]",
        "saveHtml": false,
        "saveJson": true,
        "consoleReporter": "spec",
        "useInlineDiffs": false,
        "code": true
      },
      "version": "7.1.3"
    },
    "marge": {
      "options": {
        "reportDir": "./cypress/results",
        "reportFilename": "[status]_[datetime]-[name]",
        "overwrite": true,
        "html": false,
        "json": true
      },
      "version": "6.2.0"
    }
  }
}