{
  "stats": {
    "suites": 1,
    "tests": 1,
    "passes": 1,
    "pending": 0,
    "failures": 0,
    "start": "2025-08-02T15:30:33.431Z",
    "end": "2025-08-02T15:30:37.171Z",
    "duration": 3740,
    "testsRegistered": 1,
    "passPercent": 100,
    "pendingPercent": 0,
    "other": 0,
    "hasOther": false,
    "skipped": 0,
    "hasSkipped": false
  },
  "results": [
    {
      "uuid": "2b286bff-5c90-4840-8592-4f0c965c1a8e",
      "title": "",
      "fullFile": "cypress\\e2e\\Cart_Testcases\\09_verify_updating_of_cart_after_adding_multiple_item.cy.js",
      "file": "cypress\\e2e\\Cart_Testcases\\09_verify_updating_of_cart_after_adding_multiple_item.cy.js",
      "beforeHooks": [],
      "afterHooks": [],
      "tests": [],
      "suites": [
        {
          "uuid": "cc4ff1db-3ea3-47e8-88a6-8fb722d52712",
          "title": "09_verify_updating_of_cart_after_adding_multiple_item",
          "fullFile": "",
          "file": "",
          "beforeHooks": [],
          "afterHooks": [],
          "tests": [
            {
              "title": "03_verify_updating_of_cart_after_adding_multiple_item",
              "fullTitle": "09_verify_updating_of_cart_after_adding_multiple_item 03_verify_updating_of_cart_after_adding_multiple_item",
              "timedOut": null,
              "duration": 2878,
              "state": "passed",
              "speed": "fast",
              "pass": true,
              "fail": false,
              "pending": false,
              "context": null,
              "code": "//verify the  no item count added to cart \n_Homepage.homepage.verifyCartIconQuantity(0);\n//add Sauce Labs Bike Light in the cart\n_Homepage.homepage.AddingItemtoCart(Bike_light);\n//verify the item count added to cart \n_Homepage.homepage.verifyCartIconQuantity(1);\ncy.wait(1000);\n//add Sauce Labs Backpack in the cart\n_Homepage.homepage.AddingItemtoCart(Bagpack);\n//verify the item count added to cart \n_Homepage.homepage.verifyCartIconQuantity(2);\n//click on the cart icon \n_Homepage.homepage.ClickonCartBtn();\n//verify the product is added in to the cart \n_cartPage.cartpage.verifytheCartpageOpened();\n//verify the item is added to the cart \n_cartPage.cartpage.VerifyAddedItemtoCart(Bagpack);\n//verify the item count added to cart \n_Homepage.homepage.verifyCartIconQuantity(2);\n//verify the item is added to the cart \n_cartPage.cartpage.VerifyAddedItemtoCart(Bike_light);\n//verify remove item button is visible for the same product\n_Homepage.homepage.verifyRemovefromCartButton(Bike_light);\n//verify remove item button is visible for the same product\n_Homepage.homepage.verifyRemovefromCartButton(Bagpack);\n//remove the item form the container \n_cartPage.cartpage.RemoveItemfromCart(Bike_light);\n//verify the item count added to cart \n_Homepage.homepage.verifyCartIconQuantity(1);\n//verify bike light  item not  present in the cart\n_cartPage.cartpage.VerifyAddedItemtoCart(Bike_light);\n//remove the item form the container \n_cartPage.cartpage.RemoveItemfromCart(Bagpack);\n//remove the item form the container \n_cartPage.cartpage.RemoveItemfromCart(Bike_light);\n//verify the item count added to cart \n_Homepage.homepage.verifyCartIconQuantity(0);\n//verify no item present in the cart\n_cartPage.cartpage.VerifyAddedItemtoCart(Bike_light);",
              "err": {},
              "uuid": "5354aa79-f262-4769-8b29-3ce146c64881",
              "parentUUID": "cc4ff1db-3ea3-47e8-88a6-8fb722d52712",
              "isHook": false,
              "skipped": false
            }
          ],
          "suites": [],
          "passes": [
            "5354aa79-f262-4769-8b29-3ce146c64881"
          ],
          "failures": [],
          "pending": [],
          "skipped": [],
          "duration": 2878,
          "root": false,
          "rootEmpty": false,
          "_timeout": 2000
        }
      ],
      "passes": [],
      "failures": [],
      "pending": [],
      "skipped": [],
      "duration": 0,
      "root": true,
      "rootEmpty": true,
      "_timeout": 2000
    }
  ],
  "meta": {
    "mocha": {
      "version": "7.2.0"
    },
    "mochawesome": {
      "options": {
        "quiet": false,
        "reportFilename": "[status]_[datetime]-[name]",
        "saveHtml": false,
        "saveJson": true,
        "consoleReporter": "spec",
        "useInlineDiffs": false,
        "code": true
      },
      "version": "7.1.3"
    },
    "marge": {
      "options": {
        "reportDir": "./cypress/results",
        "reportFilename": "[status]_[datetime]-[name]",
        "overwrite": true,
        "html": false,
        "json": true
      },
      "version": "6.2.0"
    }
  }
}