{
  "stats": {
    "suites": 1,
    "tests": 1,
    "passes": 1,
    "pending": 0,
    "failures": 0,
    "start": "2025-08-02T17:54:33.342Z",
    "end": "2025-08-02T17:54:35.252Z",
    "duration": 1910,
    "testsRegistered": 1,
    "passPercent": 100,
    "pendingPercent": 0,
    "other": 0,
    "hasOther": false,
    "skipped": 0,
    "hasSkipped": false
  },
  "results": [
    {
      "uuid": "275850c8-8f21-43ee-b5c4-2544c15c96a1",
      "title": "",
      "fullFile": "cypress\\e2e\\Smoke_Suit\\SMK001_Verify user can log in with valid credentials.cy.js",
      "file": "cypress\\e2e\\Smoke_Suit\\SMK001_Verify user can log in with valid credentials.cy.js",
      "beforeHooks": [],
      "afterHooks": [],
      "tests": [],
      "suites": [
        {
          "uuid": "7778c712-564a-44c6-ab52-b081f27c8ac2",
          "title": " SMK001_Verify user can log in with valid credentials  @smoke",
          "fullFile": "",
          "file": "",
          "beforeHooks": [],
          "afterHooks": [],
          "tests": [
            {
              "title": "  SMK001_Verify user can log in with valid credentials @smoke",
              "fullTitle": " SMK001_Verify user can log in with valid credentials  @smoke   SMK001_Verify user can log in with valid credentials @smoke",
              "timedOut": null,
              "duration": 1038,
              "state": "passed",
              "speed": "fast",
              "pass": true,
              "fail": false,
              "pending": false,
              "context": null,
              "code": "//login with valid user\n_navigationPage.NavigationPage.loginWithCredentials(User);\n//verify the home is visble \n_Homepage.homepage.verifyHomepage();\n//verify the products page is opened and products are displayed\n_Homepage.homepage.verifyProductsPage();",
              "err": {},
              "uuid": "7139956b-ca5f-4c54-a269-bc1dc811d3ce",
              "parentUUID": "7778c712-564a-44c6-ab52-b081f27c8ac2",
              "isHook": false,
              "skipped": false
            }
          ],
          "suites": [],
          "passes": [
            "7139956b-ca5f-4c54-a269-bc1dc811d3ce"
          ],
          "failures": [],
          "pending": [],
          "skipped": [],
          "duration": 1038,
          "root": false,
          "rootEmpty": false,
          "_timeout": 2000
        }
      ],
      "passes": [],
      "failures": [],
      "pending": [],
      "skipped": [],
      "duration": 0,
      "root": true,
      "rootEmpty": true,
      "_timeout": 2000
    }
  ],
  "meta": {
    "mocha": {
      "version": "7.2.0"
    },
    "mochawesome": {
      "options": {
        "quiet": false,
        "reportFilename": "[status]_[datetime]-[name]",
        "saveHtml": false,
        "saveJson": true,
        "consoleReporter": "spec",
        "useInlineDiffs": false,
        "code": true
      },
      "version": "7.1.3"
    },
    "marge": {
      "options": {
        "reportDir": "./cypress/results",
        "reportFilename": "[status]_[datetime]-[name]",
        "overwrite": true,
        "html": false,
        "json": true
      },
      "version": "6.2.0"
    }
  }
}