{
  "stats": {
    "suites": 1,
    "tests": 1,
    "passes": 1,
    "pending": 0,
    "failures": 0,
    "start": "2025-08-02T17:53:28.284Z",
    "end": "2025-08-02T17:53:31.704Z",
    "duration": 3420,
    "testsRegistered": 1,
    "passPercent": 100,
    "pendingPercent": 0,
    "other": 0,
    "hasOther": false,
    "skipped": 0,
    "hasSkipped": false
  },
  "results": [
    {
      "uuid": "7a6bb394-fea6-4d61-a35a-332976802e9c",
      "title": "",
      "fullFile": "cypress\\e2e\\Cart_Testcases\\07_verify_Adding_single_item_to_cart.cy.js",
      "file": "cypress\\e2e\\Cart_Testcases\\07_verify_Adding_single_item_to_cart.cy.js",
      "beforeHooks": [],
      "afterHooks": [],
      "tests": [],
      "suites": [
        {
          "uuid": "8944b49f-b9a9-457a-b24b-347ff133fe1b",
          "title": "07_verify_Adding_single_item_to_cart",
          "fullFile": "",
          "file": "",
          "beforeHooks": [],
          "afterHooks": [],
          "tests": [
            {
              "title": "01_verify_Adding_single_item_to_cart",
              "fullTitle": "07_verify_Adding_single_item_to_cart 01_verify_Adding_single_item_to_cart",
              "timedOut": null,
              "duration": 1855,
              "state": "passed",
              "speed": "fast",
              "pass": true,
              "fail": false,
              "pending": false,
              "context": null,
              "code": "//add Sauce Labs Backpack in the cart\n_Homepage.homepage.AddingItemtoCart(Bagpack);\n//verify the item count added to cart \n_Homepage.homepage.verifyCartIconQuantity(1);\n//verify remove item button is visible for the same product\n_Homepage.homepage.verifyRemovefromCartButton(Bagpack);",
              "err": {},
              "uuid": "36fa5686-327b-407b-a9fd-5191941e72da",
              "parentUUID": "8944b49f-b9a9-457a-b24b-347ff133fe1b",
              "isHook": false,
              "skipped": false
            }
          ],
          "suites": [],
          "passes": [
            "36fa5686-327b-407b-a9fd-5191941e72da"
          ],
          "failures": [],
          "pending": [],
          "skipped": [],
          "duration": 1855,
          "root": false,
          "rootEmpty": false,
          "_timeout": 2000
        }
      ],
      "passes": [],
      "failures": [],
      "pending": [],
      "skipped": [],
      "duration": 0,
      "root": true,
      "rootEmpty": true,
      "_timeout": 2000
    }
  ],
  "meta": {
    "mocha": {
      "version": "7.2.0"
    },
    "mochawesome": {
      "options": {
        "quiet": false,
        "reportFilename": "[status]_[datetime]-[name]",
        "saveHtml": false,
        "saveJson": true,
        "consoleReporter": "spec",
        "useInlineDiffs": false,
        "code": true
      },
      "version": "7.1.3"
    },
    "marge": {
      "options": {
        "reportDir": "./cypress/results",
        "reportFilename": "[status]_[datetime]-[name]",
        "overwrite": true,
        "html": false,
        "json": true
      },
      "version": "6.2.0"
    }
  }
}