{
  "stats": {
    "suites": 1,
    "tests": 1,
    "passes": 1,
    "pending": 0,
    "failures": 0,
    "start": "2025-08-02T15:47:38.578Z",
    "end": "2025-08-02T15:47:42.430Z",
    "duration": 3852,
    "testsRegistered": 1,
    "passPercent": 100,
    "pendingPercent": 0,
    "other": 0,
    "hasOther": false,
    "skipped": 0,
    "hasSkipped": false
  },
  "results": [
    {
      "uuid": "e17fc879-232d-47c0-9a01-8c1a7c90e98c",
      "title": "",
      "fullFile": "cypress\\e2e\\Smoke_Suit\\SMK003_Verify user can add a product to cart.cy.js",
      "file": "cypress\\e2e\\Smoke_Suit\\SMK003_Verify user can add a product to cart.cy.js",
      "beforeHooks": [],
      "afterHooks": [],
      "tests": [],
      "suites": [
        {
          "uuid": "20db96cf-9893-4bac-9eb5-e9e95679b53e",
          "title": "@smoke SMK003_Verify user can add a product to cart",
          "fullFile": "",
          "file": "",
          "beforeHooks": [],
          "afterHooks": [],
          "tests": [
            {
              "title": "SMK003_Verify user can add a product to cart @smoke",
              "fullTitle": "@smoke SMK003_Verify user can add a product to cart SMK003_Verify user can add a product to cart @smoke",
              "timedOut": null,
              "duration": 2409,
              "state": "passed",
              "speed": "fast",
              "pass": true,
              "fail": false,
              "pending": false,
              "context": null,
              "code": "//add Sauce Labs Backpack in the cart\n_Homepage.homepage.AddingItemtoCart(Bagpack);\n//verify the item count added to cart \n_Homepage.homepage.verifyCartIconQuantity(1);\n//verify remove item button is visible for the same product\n_Homepage.homepage.verifyRemovefromCartButton(Bagpack);\n//click on the cart icon \n_Homepage.homepage.ClickonCartBtn();\n//verify the product is added in to the cart \n_cartPage.cartpage.verifytheCartpageOpened();\n//verify the item is added to the cart \n_cartPage.cartpage.VerifyAddedItemtoCart(Bagpack);\n//verify the item count added to cart \n_Homepage.homepage.verifyCartIconQuantity(1);",
              "err": {},
              "uuid": "5e65d014-95fe-40b4-8e96-c0f135711947",
              "parentUUID": "20db96cf-9893-4bac-9eb5-e9e95679b53e",
              "isHook": false,
              "skipped": false
            }
          ],
          "suites": [],
          "passes": [
            "5e65d014-95fe-40b4-8e96-c0f135711947"
          ],
          "failures": [],
          "pending": [],
          "skipped": [],
          "duration": 2409,
          "root": false,
          "rootEmpty": false,
          "_timeout": 2000
        }
      ],
      "passes": [],
      "failures": [],
      "pending": [],
      "skipped": [],
      "duration": 0,
      "root": true,
      "rootEmpty": true,
      "_timeout": 2000
    }
  ],
  "meta": {
    "mocha": {
      "version": "7.2.0"
    },
    "mochawesome": {
      "options": {
        "quiet": false,
        "reportFilename": "[status]_[datetime]-[name]",
        "saveHtml": false,
        "saveJson": true,
        "consoleReporter": "spec",
        "useInlineDiffs": false,
        "code": true
      },
      "version": "7.1.3"
    },
    "marge": {
      "options": {
        "reportDir": "./cypress/results",
        "reportFilename": "[status]_[datetime]-[name]",
        "overwrite": true,
        "html": false,
        "json": true
      },
      "version": "6.2.0"
    }
  }
}