{
  "stats": {
    "suites": 1,
    "tests": 1,
    "passes": 1,
    "pending": 0,
    "failures": 0,
    "start": "2025-12-19T10:38:48.549Z",
    "end": "2025-12-19T10:38:50.701Z",
    "duration": 2152,
    "testsRegistered": 1,
    "passPercent": 100,
    "pendingPercent": 0,
    "other": 0,
    "hasOther": false,
    "skipped": 0,
    "hasSkipped": false
  },
  "results": [
    {
      "uuid": "3443305f-b9aa-49a8-b190-f1c4f6c4493f",
      "title": "",
      "fullFile": "cypress\\e2e\\Smoke_Suit\\SMK001_Verify user can log in with valid credentials.cy.js",
      "file": "cypress\\e2e\\Smoke_Suit\\SMK001_Verify user can log in with valid credentials.cy.js",
      "beforeHooks": [],
      "afterHooks": [],
      "tests": [],
      "suites": [
        {
          "uuid": "5bf6b2da-2294-49ea-ab67-6e882212c83a",
          "title": "SMK001_Verify user can log in with valid credentials",
          "fullFile": "",
          "file": "",
          "beforeHooks": [],
          "afterHooks": [],
          "tests": [
            {
              "title": "SMK001_Verify user can log in with valid credentials",
              "fullTitle": "SMK001_Verify user can log in with valid credentials SMK001_Verify user can log in with valid credentials",
              "timedOut": null,
              "duration": 1066,
              "state": "passed",
              "speed": "fast",
              "pass": true,
              "fail": false,
              "pending": false,
              "context": null,
              "code": "//login with valid user\n_navigationPage.NavigationPage.loginWithCredentials(User);\n//verify the home is visble \n_Homepage.homepage.verifyHomepage();\n//verify the products page is opened and products are displayed\n_Homepage.homepage.verifyProductsPage();",
              "err": {},
              "uuid": "ece1f2ae-06b2-4444-8ab5-f0ea05eaa643",
              "parentUUID": "5bf6b2da-2294-49ea-ab67-6e882212c83a",
              "isHook": false,
              "skipped": false
            }
          ],
          "suites": [],
          "passes": [
            "ece1f2ae-06b2-4444-8ab5-f0ea05eaa643"
          ],
          "failures": [],
          "pending": [],
          "skipped": [],
          "duration": 1066,
          "root": false,
          "rootEmpty": false,
          "_timeout": 2000
        }
      ],
      "passes": [],
      "failures": [],
      "pending": [],
      "skipped": [],
      "duration": 0,
      "root": true,
      "rootEmpty": true,
      "_timeout": 2000
    }
  ],
  "meta": {
    "mocha": {
      "version": "7.2.0"
    },
    "mochawesome": {
      "options": {
        "quiet": false,
        "reportFilename": "[status]_[datetime]-[name]",
        "saveHtml": false,
        "saveJson": true,
        "consoleReporter": "spec",
        "useInlineDiffs": false,
        "code": true
      },
      "version": "7.1.3"
    },
    "marge": {
      "options": {
        "reportDir": "./cypress/results",
        "reportFilename": "[status]_[datetime]-[name]",
        "overwrite": true,
        "html": false,
        "json": true
      },
      "version": "6.2.0"
    }
  }
}