{
  "stats": {
    "suites": 1,
    "tests": 1,
    "passes": 0,
    "pending": 1,
    "failures": 0,
    "start": "2025-08-02T17:35:47.103Z",
    "end": "2025-08-02T17:35:47.156Z",
    "duration": 53,
    "testsRegistered": 1,
    "passPercent": null,
    "pendingPercent": 100,
    "other": 0,
    "hasOther": false,
    "skipped": 0,
    "hasSkipped": false
  },
  "results": [
    {
      "uuid": "1d227982-5da5-4afd-a999-f728ee6f8c3b",
      "title": "",
      "fullFile": "cypress\\e2e\\Cart_Testcases\\07_verify_Adding_single_item_to_cart.cy.js",
      "file": "cypress\\e2e\\Cart_Testcases\\07_verify_Adding_single_item_to_cart.cy.js",
      "beforeHooks": [],
      "afterHooks": [],
      "tests": [],
      "suites": [
        {
          "uuid": "6a385e7a-460a-425b-b496-83642cfdc75c",
          "title": "07_verify_Adding_single_item_to_cart",
          "fullFile": "",
          "file": "",
          "beforeHooks": [],
          "afterHooks": [],
          "tests": [
            {
              "title": "01_verify_Adding_single_item_to_cart",
              "fullTitle": "07_verify_Adding_single_item_to_cart 01_verify_Adding_single_item_to_cart",
              "timedOut": null,
              "duration": 0,
              "state": "pending",
              "speed": null,
              "pass": false,
              "fail": false,
              "pending": true,
              "context": null,
              "code": "//add Sauce Labs Backpack in the cart\n_Homepage.homepage.AddingItemtoCart(Bagpack);\n//verify the item count added to cart \n_Homepage.homepage.verifyCartIconQuantity(1);\n//verify remove item button is visible for the same product\n_Homepage.homepage.verifyRemovefromCartButton(Bagpack);",
              "err": {},
              "uuid": "0324dbbb-66da-4610-a072-f0e03b2dcced",
              "parentUUID": "6a385e7a-460a-425b-b496-83642cfdc75c",
              "isHook": false,
              "skipped": false
            }
          ],
          "suites": [],
          "passes": [],
          "failures": [],
          "pending": [
            "0324dbbb-66da-4610-a072-f0e03b2dcced"
          ],
          "skipped": [],
          "duration": 0,
          "root": false,
          "rootEmpty": false,
          "_timeout": 2000
        }
      ],
      "passes": [],
      "failures": [],
      "pending": [],
      "skipped": [],
      "duration": 0,
      "root": true,
      "rootEmpty": true,
      "_timeout": 2000
    }
  ],
  "meta": {
    "mocha": {
      "version": "7.2.0"
    },
    "mochawesome": {
      "options": {
        "quiet": false,
        "reportFilename": "[status]_[datetime]-[name]",
        "saveHtml": false,
        "saveJson": true,
        "consoleReporter": "spec",
        "useInlineDiffs": false,
        "code": true
      },
      "version": "7.1.3"
    },
    "marge": {
      "options": {
        "reportDir": "./cypress/results",
        "reportFilename": "[status]_[datetime]-[name]",
        "overwrite": true,
        "html": false,
        "json": true
      },
      "version": "6.2.0"
    }
  }
}