{
  "stats": {
    "suites": 1,
    "tests": 1,
    "passes": 1,
    "pending": 0,
    "failures": 0,
    "start": "2025-08-02T15:59:48.945Z",
    "end": "2025-08-02T15:59:52.502Z",
    "duration": 3557,
    "testsRegistered": 1,
    "passPercent": 100,
    "pendingPercent": 0,
    "other": 0,
    "hasOther": false,
    "skipped": 0,
    "hasSkipped": false
  },
  "results": [
    {
      "uuid": "4e88b392-c6e8-4390-af4d-3439e8bf71ae",
      "title": "",
      "fullFile": "cypress\\e2e\\Smoke_Suit\\SMK001_Verify user can log in with valid credentials.cy.js",
      "file": "cypress\\e2e\\Smoke_Suit\\SMK001_Verify user can log in with valid credentials.cy.js",
      "beforeHooks": [],
      "afterHooks": [],
      "tests": [],
      "suites": [
        {
          "uuid": "ebbd94aa-2ed5-4126-962b-2c1c6bbce27c",
          "title": "@smoke SMK001_Verify user can log in with valid credentials",
          "fullFile": "",
          "file": "",
          "beforeHooks": [],
          "afterHooks": [],
          "tests": [
            {
              "title": "  SMK001_Verify user can log in with valid credentials @smoke",
              "fullTitle": "@smoke SMK001_Verify user can log in with valid credentials   SMK001_Verify user can log in with valid credentials @smoke",
              "timedOut": null,
              "duration": 1900,
              "state": "passed",
              "speed": "fast",
              "pass": true,
              "fail": false,
              "pending": false,
              "context": null,
              "code": "//login with valid user\n_navigationPage.NavigationPage.loginWithCredentials(User);\n//verify the home is visble \n_Homepage.homepage.verifyHomepage();\n//verify the products page is opened and products are displayed\n_Homepage.homepage.verifyProductsPage();",
              "err": {},
              "uuid": "48ec030f-62c8-4e88-9c1b-8b39db884860",
              "parentUUID": "ebbd94aa-2ed5-4126-962b-2c1c6bbce27c",
              "isHook": false,
              "skipped": false
            }
          ],
          "suites": [],
          "passes": [
            "48ec030f-62c8-4e88-9c1b-8b39db884860"
          ],
          "failures": [],
          "pending": [],
          "skipped": [],
          "duration": 1900,
          "root": false,
          "rootEmpty": false,
          "_timeout": 2000
        }
      ],
      "passes": [],
      "failures": [],
      "pending": [],
      "skipped": [],
      "duration": 0,
      "root": true,
      "rootEmpty": true,
      "_timeout": 2000
    }
  ],
  "meta": {
    "mocha": {
      "version": "7.2.0"
    },
    "mochawesome": {
      "options": {
        "quiet": false,
        "reportFilename": "[status]_[datetime]-[name]",
        "saveHtml": false,
        "saveJson": true,
        "consoleReporter": "spec",
        "useInlineDiffs": false,
        "code": true
      },
      "version": "7.1.3"
    },
    "marge": {
      "options": {
        "reportDir": "./cypress/results",
        "reportFilename": "[status]_[datetime]-[name]",
        "overwrite": true,
        "html": false,
        "json": true
      },
      "version": "6.2.0"
    }
  }
}