{
  "stats": {
    "suites": 1,
    "tests": 1,
    "passes": 1,
    "pending": 0,
    "failures": 0,
    "start": "2025-08-02T15:47:36.201Z",
    "end": "2025-08-02T15:47:40.613Z",
    "duration": 4412,
    "testsRegistered": 1,
    "passPercent": 100,
    "pendingPercent": 0,
    "other": 0,
    "hasOther": false,
    "skipped": 0,
    "hasSkipped": false
  },
  "results": [
    {
      "uuid": "1c1b8f20-1afe-4175-84e2-6b1e4bf51cac",
      "title": "",
      "fullFile": "cypress\\e2e\\Smoke_Suit\\SMK002_Verify product list loads after login.cy.js",
      "file": "cypress\\e2e\\Smoke_Suit\\SMK002_Verify product list loads after login.cy.js",
      "beforeHooks": [],
      "afterHooks": [],
      "tests": [],
      "suites": [
        {
          "uuid": "a50404da-9640-47ba-bb2c-7822ffb1ed4a",
          "title": "@smoke SMK002_Verify product list loads after login",
          "fullFile": "",
          "file": "",
          "beforeHooks": [],
          "afterHooks": [],
          "tests": [
            {
              "title": "SMK002_Verify product list loads after login @smoke",
              "fullTitle": "@smoke SMK002_Verify product list loads after login SMK002_Verify product list loads after login @smoke",
              "timedOut": null,
              "duration": 2894,
              "state": "passed",
              "speed": "fast",
              "pass": true,
              "fail": false,
              "pending": false,
              "context": null,
              "code": "//login with valid user\n_navigationPage.NavigationPage.loginWithCredentials(User);\n//verify the home is visble \n_Homepage.homepage.verifyHomepage();\n//verify the products page is opened and products are displayed\n_Homepage.homepage.verifyProductsPage();\n//verify minimum 6 products are displayed\n_Homepage.homepage.verifyMinimumProductsDisplayed(this.data.product_length);",
              "err": {},
              "uuid": "1b8ded4c-38c2-4ab8-824a-ad05ebb23f70",
              "parentUUID": "a50404da-9640-47ba-bb2c-7822ffb1ed4a",
              "isHook": false,
              "skipped": false
            }
          ],
          "suites": [],
          "passes": [
            "1b8ded4c-38c2-4ab8-824a-ad05ebb23f70"
          ],
          "failures": [],
          "pending": [],
          "skipped": [],
          "duration": 2894,
          "root": false,
          "rootEmpty": false,
          "_timeout": 2000
        }
      ],
      "passes": [],
      "failures": [],
      "pending": [],
      "skipped": [],
      "duration": 0,
      "root": true,
      "rootEmpty": true,
      "_timeout": 2000
    }
  ],
  "meta": {
    "mocha": {
      "version": "7.2.0"
    },
    "mochawesome": {
      "options": {
        "quiet": false,
        "reportFilename": "[status]_[datetime]-[name]",
        "saveHtml": false,
        "saveJson": true,
        "consoleReporter": "spec",
        "useInlineDiffs": false,
        "code": true
      },
      "version": "7.1.3"
    },
    "marge": {
      "options": {
        "reportDir": "./cypress/results",
        "reportFilename": "[status]_[datetime]-[name]",
        "overwrite": true,
        "html": false,
        "json": true
      },
      "version": "6.2.0"
    }
  }
}