{
  "stats": {
    "suites": 1,
    "tests": 1,
    "passes": 1,
    "pending": 0,
    "failures": 0,
    "start": "2025-12-28T14:16:34.047Z",
    "end": "2025-12-28T14:16:38.192Z",
    "duration": 4145,
    "testsRegistered": 1,
    "passPercent": 100,
    "pendingPercent": 0,
    "other": 0,
    "hasOther": false,
    "skipped": 0,
    "hasSkipped": false
  },
  "results": [
    {
      "uuid": "e1fcbc5e-3c50-4aa7-9a2e-969f6d8913cd",
      "title": "",
      "fullFile": "cypress\\e2e\\Cart_Testcases\\09_verify_updating_of_cart_after_adding_multiple_item.cy.js",
      "file": "cypress\\e2e\\Cart_Testcases\\09_verify_updating_of_cart_after_adding_multiple_item.cy.js",
      "beforeHooks": [],
      "afterHooks": [],
      "tests": [],
      "suites": [
        {
          "uuid": "08d67b37-95b9-43a2-9d74-f12a4dfe49d0",
          "title": "09_verify_updating_of_cart_after_adding_multiple_item",
          "fullFile": "",
          "file": "",
          "beforeHooks": [],
          "afterHooks": [],
          "tests": [
            {
              "title": "03_verify_updating_of_cart_after_adding_multiple_item",
              "fullTitle": "09_verify_updating_of_cart_after_adding_multiple_item 03_verify_updating_of_cart_after_adding_multiple_item",
              "timedOut": null,
              "duration": 3239,
              "state": "passed",
              "speed": "fast",
              "pass": true,
              "fail": false,
              "pending": false,
              "context": null,
              "code": "//verify the  no item count added to cart \n_Homepage.homepage.verifyCartIconQuantity(0);\n//add Sauce Labs Bike Light in the cart\n_Homepage.homepage.AddingItemtoCart(Bike_light);\n//verify the item count added to cart \n_Homepage.homepage.verifyCartIconQuantity(1);\ncy.wait(1000);\n//add Sauce Labs Backpack in the cart\n_Homepage.homepage.AddingItemtoCart(Bagpack);\n//verify the item count added to cart \n_Homepage.homepage.verifyCartIconQuantity(2);\n//click on the cart icon \n_Homepage.homepage.ClickonCartBtn();\n//verify the product is added in to the cart \n_CartPage.cartpage.verifytheCartpageOpened();\n//verify the item is added to the cart \n_CartPage.cartpage.VerifyAddedItemtoCart(Bagpack);\n//verify the item count added to cart \n_Homepage.homepage.verifyCartIconQuantity(2);\n//verify the item is added to the cart \n_CartPage.cartpage.VerifyAddedItemtoCart(Bike_light);\n//verify remove item button is visible for the same product\n_Homepage.homepage.verifyRemovefromCartButton(Bike_light);\n//verify remove item button is visible for the same product\n_Homepage.homepage.verifyRemovefromCartButton(Bagpack);\n//remove the item form the container \n_CartPage.cartpage.RemoveItemfromCart(Bike_light);\n//verify the item count added to cart \n_Homepage.homepage.verifyCartIconQuantity(1);\n//verify bike light  item not  present in the cart\n_CartPage.cartpage.VerifyAddedItemtoCart(Bike_light);\n//remove the item form the container \n_CartPage.cartpage.RemoveItemfromCart(Bagpack);\n//remove the item form the container \n_CartPage.cartpage.RemoveItemfromCart(Bike_light);\n//verify the item count added to cart \n_Homepage.homepage.verifyCartIconQuantity(0);\n//verify no item present in the cart\n_CartPage.cartpage.VerifyAddedItemtoCart(Bike_light);",
              "err": {},
              "uuid": "d113a3c2-fbd0-4bb7-8d47-3d97cc72a676",
              "parentUUID": "08d67b37-95b9-43a2-9d74-f12a4dfe49d0",
              "isHook": false,
              "skipped": false
            }
          ],
          "suites": [],
          "passes": [
            "d113a3c2-fbd0-4bb7-8d47-3d97cc72a676"
          ],
          "failures": [],
          "pending": [],
          "skipped": [],
          "duration": 3239,
          "root": false,
          "rootEmpty": false,
          "_timeout": 2000
        }
      ],
      "passes": [],
      "failures": [],
      "pending": [],
      "skipped": [],
      "duration": 0,
      "root": true,
      "rootEmpty": true,
      "_timeout": 2000
    }
  ],
  "meta": {
    "mocha": {
      "version": "7.2.0"
    },
    "mochawesome": {
      "options": {
        "quiet": false,
        "reportFilename": "[status]_[datetime]-[name]",
        "saveHtml": false,
        "saveJson": true,
        "consoleReporter": "spec",
        "useInlineDiffs": false,
        "code": true
      },
      "version": "7.1.3"
    },
    "marge": {
      "options": {
        "reportDir": "./cypress/results",
        "reportFilename": "[status]_[datetime]-[name]",
        "overwrite": true,
        "html": false,
        "json": true
      },
      "version": "6.2.0"
    }
  }
}