{
  "stats": {
    "suites": 1,
    "tests": 1,
    "passes": 1,
    "pending": 0,
    "failures": 0,
    "start": "2025-05-09T07:52:06.620Z",
    "end": "2025-05-09T07:52:12.620Z",
    "duration": 6000,
    "testsRegistered": 1,
    "passPercent": 100,
    "pendingPercent": 0,
    "other": 0,
    "hasOther": false,
    "skipped": 0,
    "hasSkipped": false
  },
  "results": [
    {
      "uuid": "56fbd10b-5445-4e1d-bdd2-d9181b7c186b",
      "title": "",
      "fullFile": "cypress\\e2e\\Login_Testcases\\01_Verify_Valid_Login.cy.js",
      "file": "cypress\\e2e\\Login_Testcases\\01_Verify_Valid_Login.cy.js",
      "beforeHooks": [],
      "afterHooks": [],
      "tests": [],
      "suites": [
        {
          "uuid": "18a4cfc4-6f3f-48b7-9938-9b018e25c805",
          "title": "01_Verify_Valid_Login",
          "fullFile": "",
          "file": "",
          "beforeHooks": [],
          "afterHooks": [],
          "tests": [
            {
              "title": "01_Verify_Valid_Login",
              "fullTitle": "01_Verify_Valid_Login 01_Verify_Valid_Login",
              "timedOut": null,
              "duration": 2809,
              "state": "passed",
              "speed": "fast",
              "pass": true,
              "fail": false,
              "pending": false,
              "context": null,
              "code": "//login with valid user\n_navigationPage.NavigationPage.loginWithCredentials(User);\n//verify the home is visble \n_Homepage.homepage.verifyHomepage();",
              "err": {},
              "uuid": "7bca14ef-6762-4214-900c-b74b2b77ab8a",
              "parentUUID": "18a4cfc4-6f3f-48b7-9938-9b018e25c805",
              "isHook": false,
              "skipped": false
            }
          ],
          "suites": [],
          "passes": [
            "7bca14ef-6762-4214-900c-b74b2b77ab8a"
          ],
          "failures": [],
          "pending": [],
          "skipped": [],
          "duration": 2809,
          "root": false,
          "rootEmpty": false,
          "_timeout": 2000
        }
      ],
      "passes": [],
      "failures": [],
      "pending": [],
      "skipped": [],
      "duration": 0,
      "root": true,
      "rootEmpty": true,
      "_timeout": 2000
    }
  ],
  "meta": {
    "mocha": {
      "version": "7.2.0"
    },
    "mochawesome": {
      "options": {
        "quiet": false,
        "reportFilename": "[status]_[datetime]-[name]",
        "saveHtml": false,
        "saveJson": true,
        "consoleReporter": "spec",
        "useInlineDiffs": false,
        "code": true
      },
      "version": "7.1.3"
    },
    "marge": {
      "options": {
        "reportDir": "./cypress/results",
        "reportFilename": "[status]_[datetime]-[name]",
        "overwrite": true,
        "html": false,
        "json": true
      },
      "version": "6.2.0"
    }
  }
}