{
  "stats": {
    "suites": 1,
    "tests": 1,
    "passes": 1,
    "pending": 0,
    "failures": 0,
    "start": "2025-05-15T18:42:50.544Z",
    "end": "2025-05-15T18:42:59.591Z",
    "duration": 9047,
    "testsRegistered": 1,
    "passPercent": 100,
    "pendingPercent": 0,
    "other": 0,
    "hasOther": false,
    "skipped": 0,
    "hasSkipped": false
  },
  "results": [
    {
      "uuid": "efa5bd65-191e-42ef-bcd1-f5ec2bf4d1a5",
      "title": "",
      "fullFile": "cypress\\e2e\\Cart_Testcases\\01_verify_Adding_single_item_to_cart.cy.js",
      "file": "cypress\\e2e\\Cart_Testcases\\01_verify_Adding_single_item_to_cart.cy.js",
      "beforeHooks": [],
      "afterHooks": [],
      "tests": [],
      "suites": [
        {
          "uuid": "75337325-d0e4-4481-9445-3dd74dd93275",
          "title": "01_verify_Adding_single_item_to_cart",
          "fullFile": "",
          "file": "",
          "beforeHooks": [],
          "afterHooks": [],
          "tests": [
            {
              "title": "01_verify_Adding_single_item_to_cart",
              "fullTitle": "01_verify_Adding_single_item_to_cart 01_verify_Adding_single_item_to_cart",
              "timedOut": null,
              "duration": 4247,
              "state": "passed",
              "speed": "fast",
              "pass": true,
              "fail": false,
              "pending": false,
              "context": null,
              "code": "//add Sauce Labs Backpack in the cart\n_Homepage.homepage.AddingItemtoCart(Bagpack);\n//verify the item count added to cart \n_Homepage.homepage.verifyCartIconQuantity(1);\n//verify remove item button is visible for the same product\n_Homepage.homepage.verifyRemovefromCartButton(Bagpack);",
              "err": {},
              "uuid": "b5bbcd05-996e-4ae0-83c7-88de7fdbafae",
              "parentUUID": "75337325-d0e4-4481-9445-3dd74dd93275",
              "isHook": false,
              "skipped": false
            }
          ],
          "suites": [],
          "passes": [
            "b5bbcd05-996e-4ae0-83c7-88de7fdbafae"
          ],
          "failures": [],
          "pending": [],
          "skipped": [],
          "duration": 4247,
          "root": false,
          "rootEmpty": false,
          "_timeout": 2000
        }
      ],
      "passes": [],
      "failures": [],
      "pending": [],
      "skipped": [],
      "duration": 0,
      "root": true,
      "rootEmpty": true,
      "_timeout": 2000
    }
  ],
  "meta": {
    "mocha": {
      "version": "7.2.0"
    },
    "mochawesome": {
      "options": {
        "quiet": false,
        "reportFilename": "[status]_[datetime]-[name]",
        "saveHtml": false,
        "saveJson": true,
        "consoleReporter": "spec",
        "useInlineDiffs": false,
        "code": true
      },
      "version": "7.1.3"
    },
    "marge": {
      "options": {
        "reportDir": "./cypress/results",
        "reportFilename": "[status]_[datetime]-[name]",
        "overwrite": true,
        "html": false,
        "json": true
      },
      "version": "6.2.0"
    }
  }
}