{
  "stats": {
    "suites": 1,
    "tests": 1,
    "passes": 1,
    "pending": 0,
    "failures": 0,
    "start": "2025-12-19T10:39:01.405Z",
    "end": "2025-12-19T10:39:03.214Z",
    "duration": 1809,
    "testsRegistered": 1,
    "passPercent": 100,
    "pendingPercent": 0,
    "other": 0,
    "hasOther": false,
    "skipped": 0,
    "hasSkipped": false
  },
  "results": [
    {
      "uuid": "63a9d027-9062-4bc8-9f46-1de252152f43",
      "title": "",
      "fullFile": "cypress\\e2e\\Login_Testcases\\02_Verify_Invalid_Login_by_wrong_password.cy.js",
      "file": "cypress\\e2e\\Login_Testcases\\02_Verify_Invalid_Login_by_wrong_password.cy.js",
      "beforeHooks": [],
      "afterHooks": [],
      "tests": [],
      "suites": [
        {
          "uuid": "fded1337-c99b-4515-a48e-9abf14903a89",
          "title": "02_Verify_Invalid_Login_by_wrong_password",
          "fullFile": "",
          "file": "",
          "beforeHooks": [],
          "afterHooks": [],
          "tests": [
            {
              "title": "02_Verify_Invalid_Login_by_wrong_password",
              "fullTitle": "02_Verify_Invalid_Login_by_wrong_password 02_Verify_Invalid_Login_by_wrong_password",
              "timedOut": null,
              "duration": 1074,
              "state": "passed",
              "speed": "fast",
              "pass": true,
              "fail": false,
              "pending": false,
              "context": null,
              "code": "//login with valid user\n_navigationPage.NavigationPage.loginWithCredentials(Invalid_User);\n//verify the home is visble \n_navigationPage.NavigationPage.verifyLoginErrorPopup(ErrorText);",
              "err": {},
              "uuid": "1858b47a-2554-44fc-9761-d39e9bfe3046",
              "parentUUID": "fded1337-c99b-4515-a48e-9abf14903a89",
              "isHook": false,
              "skipped": false
            }
          ],
          "suites": [],
          "passes": [
            "1858b47a-2554-44fc-9761-d39e9bfe3046"
          ],
          "failures": [],
          "pending": [],
          "skipped": [],
          "duration": 1074,
          "root": false,
          "rootEmpty": false,
          "_timeout": 2000
        }
      ],
      "passes": [],
      "failures": [],
      "pending": [],
      "skipped": [],
      "duration": 0,
      "root": true,
      "rootEmpty": true,
      "_timeout": 2000
    }
  ],
  "meta": {
    "mocha": {
      "version": "7.2.0"
    },
    "mochawesome": {
      "options": {
        "quiet": false,
        "reportFilename": "[status]_[datetime]-[name]",
        "saveHtml": false,
        "saveJson": true,
        "consoleReporter": "spec",
        "useInlineDiffs": false,
        "code": true
      },
      "version": "7.1.3"
    },
    "marge": {
      "options": {
        "reportDir": "./cypress/results",
        "reportFilename": "[status]_[datetime]-[name]",
        "overwrite": true,
        "html": false,
        "json": true
      },
      "version": "6.2.0"
    }
  }
}