{
  "stats": {
    "suites": 1,
    "tests": 1,
    "passes": 1,
    "pending": 0,
    "failures": 0,
    "start": "2025-08-02T17:54:36.101Z",
    "end": "2025-08-02T17:54:39.196Z",
    "duration": 3095,
    "testsRegistered": 1,
    "passPercent": 100,
    "pendingPercent": 0,
    "other": 0,
    "hasOther": false,
    "skipped": 0,
    "hasSkipped": false
  },
  "results": [
    {
      "uuid": "e2086563-3fcd-4c3e-afde-485626526d9d",
      "title": "",
      "fullFile": "cypress\\e2e\\Smoke_Suit\\SMK002_Verify product list loads after login.cy.js",
      "file": "cypress\\e2e\\Smoke_Suit\\SMK002_Verify product list loads after login.cy.js",
      "beforeHooks": [],
      "afterHooks": [],
      "tests": [],
      "suites": [
        {
          "uuid": "6a9fa48a-afa3-4265-82f1-4c34f5f3a83f",
          "title": "@smoke SMK002_Verify product list loads after login",
          "fullFile": "",
          "file": "",
          "beforeHooks": [],
          "afterHooks": [],
          "tests": [
            {
              "title": "SMK002_Verify product list loads after login @smoke",
              "fullTitle": "@smoke SMK002_Verify product list loads after login SMK002_Verify product list loads after login @smoke",
              "timedOut": null,
              "duration": 2085,
              "state": "passed",
              "speed": "fast",
              "pass": true,
              "fail": false,
              "pending": false,
              "context": null,
              "code": "//login with valid user\n_navigationPage.NavigationPage.loginWithCredentials(User);\n//verify the home is visble \n_Homepage.homepage.verifyHomepage();\n//verify the products page is opened and products are displayed\n_Homepage.homepage.verifyProductsPage();\n//verify minimum 6 products are displayed\n_Homepage.homepage.verifyMinimumProductsDisplayed(this.data.product_length);",
              "err": {},
              "uuid": "67fb51b1-f155-4abc-b368-19cf794f617e",
              "parentUUID": "6a9fa48a-afa3-4265-82f1-4c34f5f3a83f",
              "isHook": false,
              "skipped": false
            }
          ],
          "suites": [],
          "passes": [
            "67fb51b1-f155-4abc-b368-19cf794f617e"
          ],
          "failures": [],
          "pending": [],
          "skipped": [],
          "duration": 2085,
          "root": false,
          "rootEmpty": false,
          "_timeout": 2000
        }
      ],
      "passes": [],
      "failures": [],
      "pending": [],
      "skipped": [],
      "duration": 0,
      "root": true,
      "rootEmpty": true,
      "_timeout": 2000
    }
  ],
  "meta": {
    "mocha": {
      "version": "7.2.0"
    },
    "mochawesome": {
      "options": {
        "quiet": false,
        "reportFilename": "[status]_[datetime]-[name]",
        "saveHtml": false,
        "saveJson": true,
        "consoleReporter": "spec",
        "useInlineDiffs": false,
        "code": true
      },
      "version": "7.1.3"
    },
    "marge": {
      "options": {
        "reportDir": "./cypress/results",
        "reportFilename": "[status]_[datetime]-[name]",
        "overwrite": true,
        "html": false,
        "json": true
      },
      "version": "6.2.0"
    }
  }
}