{
  "stats": {
    "suites": 1,
    "tests": 1,
    "passes": 1,
    "pending": 0,
    "failures": 0,
    "start": "2025-12-19T10:38:58.689Z",
    "end": "2025-12-19T10:39:00.588Z",
    "duration": 1899,
    "testsRegistered": 1,
    "passPercent": 100,
    "pendingPercent": 0,
    "other": 0,
    "hasOther": false,
    "skipped": 0,
    "hasSkipped": false
  },
  "results": [
    {
      "uuid": "e3aefc54-2c9d-43af-8dc5-24731f5bf33b",
      "title": "",
      "fullFile": "cypress\\e2e\\Login_Testcases\\01_Verify_Valid_Login.cy.js",
      "file": "cypress\\e2e\\Login_Testcases\\01_Verify_Valid_Login.cy.js",
      "beforeHooks": [],
      "afterHooks": [],
      "tests": [],
      "suites": [
        {
          "uuid": "4479ca34-5fbd-43dc-afb1-0e1235b4a2d1",
          "title": "01_Verify_Valid_Login",
          "fullFile": "",
          "file": "",
          "beforeHooks": [],
          "afterHooks": [],
          "tests": [
            {
              "title": "01_Verify_Valid_Login",
              "fullTitle": "01_Verify_Valid_Login 01_Verify_Valid_Login",
              "timedOut": null,
              "duration": 1045,
              "state": "passed",
              "speed": "fast",
              "pass": true,
              "fail": false,
              "pending": false,
              "context": null,
              "code": "//login with valid user\n_navigationPage.NavigationPage.loginWithCredentials(User);\n//verify the home is visble \n_Homepage.homepage.verifyHomepage();",
              "err": {},
              "uuid": "6459f922-a492-4253-9f00-1811357f4236",
              "parentUUID": "4479ca34-5fbd-43dc-afb1-0e1235b4a2d1",
              "isHook": false,
              "skipped": false
            }
          ],
          "suites": [],
          "passes": [
            "6459f922-a492-4253-9f00-1811357f4236"
          ],
          "failures": [],
          "pending": [],
          "skipped": [],
          "duration": 1045,
          "root": false,
          "rootEmpty": false,
          "_timeout": 2000
        }
      ],
      "passes": [],
      "failures": [],
      "pending": [],
      "skipped": [],
      "duration": 0,
      "root": true,
      "rootEmpty": true,
      "_timeout": 2000
    }
  ],
  "meta": {
    "mocha": {
      "version": "7.2.0"
    },
    "mochawesome": {
      "options": {
        "quiet": false,
        "reportFilename": "[status]_[datetime]-[name]",
        "saveHtml": false,
        "saveJson": true,
        "consoleReporter": "spec",
        "useInlineDiffs": false,
        "code": true
      },
      "version": "7.1.3"
    },
    "marge": {
      "options": {
        "reportDir": "./cypress/results",
        "reportFilename": "[status]_[datetime]-[name]",
        "overwrite": true,
        "html": false,
        "json": true
      },
      "version": "6.2.0"
    }
  }
}