{
  "stats": {
    "suites": 1,
    "tests": 1,
    "passes": 1,
    "pending": 0,
    "failures": 0,
    "start": "2025-12-19T10:39:04.027Z",
    "end": "2025-12-19T10:39:05.830Z",
    "duration": 1803,
    "testsRegistered": 1,
    "passPercent": 100,
    "pendingPercent": 0,
    "other": 0,
    "hasOther": false,
    "skipped": 0,
    "hasSkipped": false
  },
  "results": [
    {
      "uuid": "50c60f25-5fe4-4219-91e3-de9db032d272",
      "title": "",
      "fullFile": "cypress\\e2e\\Login_Testcases\\03_Verify_Lockout_user_failed_login.cy.js",
      "file": "cypress\\e2e\\Login_Testcases\\03_Verify_Lockout_user_failed_login.cy.js",
      "beforeHooks": [],
      "afterHooks": [],
      "tests": [],
      "suites": [
        {
          "uuid": "db3e828e-b83f-4bcb-bf8f-b45e73a42465",
          "title": "03_Verify_Lockout_user_failed_login",
          "fullFile": "",
          "file": "",
          "beforeHooks": [],
          "afterHooks": [],
          "tests": [
            {
              "title": "03_Verify_Lockout_user_failed_login",
              "fullTitle": "03_Verify_Lockout_user_failed_login 03_Verify_Lockout_user_failed_login",
              "timedOut": null,
              "duration": 1061,
              "state": "passed",
              "speed": "fast",
              "pass": true,
              "fail": false,
              "pending": false,
              "context": null,
              "code": "//login with valid user\n_navigationPage.NavigationPage.loginWithCredentials(Locket_out_User);\n//verify the home is visble \n_navigationPage.NavigationPage.verifyLoginErrorPopup(ErrorText);",
              "err": {},
              "uuid": "c929854b-f2ac-4b84-bbea-8c8ec57cd022",
              "parentUUID": "db3e828e-b83f-4bcb-bf8f-b45e73a42465",
              "isHook": false,
              "skipped": false
            }
          ],
          "suites": [],
          "passes": [
            "c929854b-f2ac-4b84-bbea-8c8ec57cd022"
          ],
          "failures": [],
          "pending": [],
          "skipped": [],
          "duration": 1061,
          "root": false,
          "rootEmpty": false,
          "_timeout": 2000
        }
      ],
      "passes": [],
      "failures": [],
      "pending": [],
      "skipped": [],
      "duration": 0,
      "root": true,
      "rootEmpty": true,
      "_timeout": 2000
    }
  ],
  "meta": {
    "mocha": {
      "version": "7.2.0"
    },
    "mochawesome": {
      "options": {
        "quiet": false,
        "reportFilename": "[status]_[datetime]-[name]",
        "saveHtml": false,
        "saveJson": true,
        "consoleReporter": "spec",
        "useInlineDiffs": false,
        "code": true
      },
      "version": "7.1.3"
    },
    "marge": {
      "options": {
        "reportDir": "./cypress/results",
        "reportFilename": "[status]_[datetime]-[name]",
        "overwrite": true,
        "html": false,
        "json": true
      },
      "version": "6.2.0"
    }
  }
}