{
  "stats": {
    "suites": 1,
    "tests": 1,
    "passes": 1,
    "pending": 0,
    "failures": 0,
    "start": "2025-12-28T14:17:34.246Z",
    "end": "2025-12-28T14:17:36.595Z",
    "duration": 2349,
    "testsRegistered": 1,
    "passPercent": 100,
    "pendingPercent": 0,
    "other": 0,
    "hasOther": false,
    "skipped": 0,
    "hasSkipped": false
  },
  "results": [
    {
      "uuid": "2d577492-10c9-45d8-88f9-f40842807550",
      "title": "",
      "fullFile": "cypress\\e2e\\Smoke_Suit\\SMK001_Verify user can log in with valid credentials.cy.js",
      "file": "cypress\\e2e\\Smoke_Suit\\SMK001_Verify user can log in with valid credentials.cy.js",
      "beforeHooks": [],
      "afterHooks": [],
      "tests": [],
      "suites": [
        {
          "uuid": "49fe7e5e-0141-4974-bfd4-c5861d4749f7",
          "title": "SMK001_Verify user can log in with valid credentials",
          "fullFile": "",
          "file": "",
          "beforeHooks": [],
          "afterHooks": [],
          "tests": [
            {
              "title": "SMK001_Verify user can log in with valid credentials",
              "fullTitle": "SMK001_Verify user can log in with valid credentials SMK001_Verify user can log in with valid credentials",
              "timedOut": null,
              "duration": 1447,
              "state": "passed",
              "speed": "fast",
              "pass": true,
              "fail": false,
              "pending": false,
              "context": null,
              "code": "//login with valid user\n_navigationPage.NavigationPage.loginWithCredentials(User);\n//verify the home is visble \n_Homepage.homepage.verifyHomepage();\n//verify the products page is opened and products are displayed\n_Homepage.homepage.verifyProductsPage();",
              "err": {},
              "uuid": "ee045d38-ba45-40a6-82fc-80ea1a4a20f2",
              "parentUUID": "49fe7e5e-0141-4974-bfd4-c5861d4749f7",
              "isHook": false,
              "skipped": false
            }
          ],
          "suites": [],
          "passes": [
            "ee045d38-ba45-40a6-82fc-80ea1a4a20f2"
          ],
          "failures": [],
          "pending": [],
          "skipped": [],
          "duration": 1447,
          "root": false,
          "rootEmpty": false,
          "_timeout": 2000
        }
      ],
      "passes": [],
      "failures": [],
      "pending": [],
      "skipped": [],
      "duration": 0,
      "root": true,
      "rootEmpty": true,
      "_timeout": 2000
    }
  ],
  "meta": {
    "mocha": {
      "version": "7.2.0"
    },
    "mochawesome": {
      "options": {
        "quiet": false,
        "reportFilename": "[status]_[datetime]-[name]",
        "saveHtml": false,
        "saveJson": true,
        "consoleReporter": "spec",
        "useInlineDiffs": false,
        "code": true
      },
      "version": "7.1.3"
    },
    "marge": {
      "options": {
        "reportDir": "./cypress/results",
        "reportFilename": "[status]_[datetime]-[name]",
        "overwrite": true,
        "html": false,
        "json": true
      },
      "version": "6.2.0"
    }
  }
}