{
  "stats": {
    "suites": 1,
    "tests": 1,
    "passes": 1,
    "pending": 0,
    "failures": 0,
    "start": "2025-08-02T15:16:56.442Z",
    "end": "2025-08-02T15:16:58.267Z",
    "duration": 1825,
    "testsRegistered": 1,
    "passPercent": 100,
    "pendingPercent": 0,
    "other": 0,
    "hasOther": false,
    "skipped": 0,
    "hasSkipped": false
  },
  "results": [
    {
      "uuid": "62fc939d-ad88-4216-a3d5-ed04a2abc485",
      "title": "",
      "fullFile": "cypress\\e2e\\Login_Testcases\\03_Verify_Lockout_user_failed_login.cy.js",
      "file": "cypress\\e2e\\Login_Testcases\\03_Verify_Lockout_user_failed_login.cy.js",
      "beforeHooks": [],
      "afterHooks": [],
      "tests": [],
      "suites": [
        {
          "uuid": "8e7ce77a-e997-433b-9c2b-5fcd75e9f6f6",
          "title": "03_Verify_Lockout_user_failed_login",
          "fullFile": "",
          "file": "",
          "beforeHooks": [],
          "afterHooks": [],
          "tests": [
            {
              "title": "03_Verify_Lockout_user_failed_login",
              "fullTitle": "03_Verify_Lockout_user_failed_login 03_Verify_Lockout_user_failed_login",
              "timedOut": null,
              "duration": 1115,
              "state": "passed",
              "speed": "fast",
              "pass": true,
              "fail": false,
              "pending": false,
              "context": null,
              "code": "//login with valid user\n_navigationPage.NavigationPage.loginWithCredentials(Locket_out_User);\n//verify the home is visble \n_navigationPage.NavigationPage.verifyLoginErrorPopup(ErrorText);",
              "err": {},
              "uuid": "cae4b05c-aeda-432d-8251-769e2953dd69",
              "parentUUID": "8e7ce77a-e997-433b-9c2b-5fcd75e9f6f6",
              "isHook": false,
              "skipped": false
            }
          ],
          "suites": [],
          "passes": [
            "cae4b05c-aeda-432d-8251-769e2953dd69"
          ],
          "failures": [],
          "pending": [],
          "skipped": [],
          "duration": 1115,
          "root": false,
          "rootEmpty": false,
          "_timeout": 2000
        }
      ],
      "passes": [],
      "failures": [],
      "pending": [],
      "skipped": [],
      "duration": 0,
      "root": true,
      "rootEmpty": true,
      "_timeout": 2000
    }
  ],
  "meta": {
    "mocha": {
      "version": "7.2.0"
    },
    "mochawesome": {
      "options": {
        "quiet": false,
        "reportFilename": "[status]_[datetime]-[name]",
        "saveHtml": false,
        "saveJson": true,
        "consoleReporter": "spec",
        "useInlineDiffs": false,
        "code": true
      },
      "version": "7.1.3"
    },
    "marge": {
      "options": {
        "reportDir": "./cypress/results",
        "reportFilename": "[status]_[datetime]-[name]",
        "overwrite": true,
        "html": false,
        "json": true
      },
      "version": "6.2.0"
    }
  }
}