{
  "stats": {
    "suites": 1,
    "tests": 1,
    "passes": 1,
    "pending": 0,
    "failures": 0,
    "start": "2025-12-29T14:32:47.354Z",
    "end": "2025-12-29T14:32:49.748Z",
    "duration": 2394,
    "testsRegistered": 1,
    "passPercent": 100,
    "pendingPercent": 0,
    "other": 0,
    "hasOther": false,
    "skipped": 0,
    "hasSkipped": false
  },
  "results": [
    {
      "uuid": "41677202-2c57-47ef-9f38-22fb58e98285",
      "title": "",
      "fullFile": "cypress\\e2e\\Login_Testcases\\01_Verify_Valid_Login.cy.js",
      "file": "cypress\\e2e\\Login_Testcases\\01_Verify_Valid_Login.cy.js",
      "beforeHooks": [],
      "afterHooks": [],
      "tests": [],
      "suites": [
        {
          "uuid": "1eb575bd-c245-4b6b-bd77-ece59378c8cc",
          "title": "01_Verify_Valid_Login",
          "fullFile": "",
          "file": "",
          "beforeHooks": [],
          "afterHooks": [],
          "tests": [
            {
              "title": "01_Verify_Valid_Login",
              "fullTitle": "01_Verify_Valid_Login 01_Verify_Valid_Login",
              "timedOut": null,
              "duration": 1488,
              "state": "passed",
              "speed": "fast",
              "pass": true,
              "fail": false,
              "pending": false,
              "context": null,
              "code": "//login with valid user\n_navigationPage.NavigationPage.loginWithCredentials(User);\n//verify the home is visble \n_Homepage.homepage.verifyHomepage();",
              "err": {},
              "uuid": "6640aa00-91b8-4ae5-b169-4a8771e271ad",
              "parentUUID": "1eb575bd-c245-4b6b-bd77-ece59378c8cc",
              "isHook": false,
              "skipped": false
            }
          ],
          "suites": [],
          "passes": [
            "6640aa00-91b8-4ae5-b169-4a8771e271ad"
          ],
          "failures": [],
          "pending": [],
          "skipped": [],
          "duration": 1488,
          "root": false,
          "rootEmpty": false,
          "_timeout": 2000
        }
      ],
      "passes": [],
      "failures": [],
      "pending": [],
      "skipped": [],
      "duration": 0,
      "root": true,
      "rootEmpty": true,
      "_timeout": 2000
    }
  ],
  "meta": {
    "mocha": {
      "version": "7.2.0"
    },
    "mochawesome": {
      "options": {
        "quiet": false,
        "reportFilename": "[status]_[datetime]-[name]",
        "saveHtml": false,
        "saveJson": true,
        "consoleReporter": "spec",
        "useInlineDiffs": false,
        "code": true
      },
      "version": "7.1.3"
    },
    "marge": {
      "options": {
        "reportDir": "./cypress/results",
        "reportFilename": "[status]_[datetime]-[name]",
        "overwrite": true,
        "html": false,
        "json": true
      },
      "version": "6.2.0"
    }
  }
}