{
  "stats": {
    "suites": 1,
    "tests": 1,
    "passes": 1,
    "pending": 0,
    "failures": 0,
    "start": "2025-12-29T14:32:57.809Z",
    "end": "2025-12-29T14:33:01.078Z",
    "duration": 3269,
    "testsRegistered": 1,
    "passPercent": 100,
    "pendingPercent": 0,
    "other": 0,
    "hasOther": false,
    "skipped": 0,
    "hasSkipped": false
  },
  "results": [
    {
      "uuid": "c3944a8e-37bd-408d-a4a2-75360cc0673f",
      "title": "",
      "fullFile": "cypress\\e2e\\Smoke_Suit\\SMK001_Verify user can log in with valid credentials.cy.js",
      "file": "cypress\\e2e\\Smoke_Suit\\SMK001_Verify user can log in with valid credentials.cy.js",
      "beforeHooks": [],
      "afterHooks": [],
      "tests": [],
      "suites": [
        {
          "uuid": "2149f272-ac39-4b78-a213-37ef3b009598",
          "title": "SMK001_Verify user can log in with valid credentials",
          "fullFile": "",
          "file": "",
          "beforeHooks": [],
          "afterHooks": [],
          "tests": [
            {
              "title": "SMK001_Verify user can log in with valid credentials",
              "fullTitle": "SMK001_Verify user can log in with valid credentials SMK001_Verify user can log in with valid credentials",
              "timedOut": null,
              "duration": 2381,
              "state": "passed",
              "speed": "fast",
              "pass": true,
              "fail": false,
              "pending": false,
              "context": null,
              "code": "//login with valid user\n_navigationPage.NavigationPage.loginWithCredentials(User);\n//verify the home is visble \n_Homepage.homepage.verifyHomepage();\n//verify the products page is opened and products are displayed\n_Homepage.homepage.verifyProductsPage();",
              "err": {},
              "uuid": "0b3a5dff-ed13-4253-8cd4-1feb488f9225",
              "parentUUID": "2149f272-ac39-4b78-a213-37ef3b009598",
              "isHook": false,
              "skipped": false
            }
          ],
          "suites": [],
          "passes": [
            "0b3a5dff-ed13-4253-8cd4-1feb488f9225"
          ],
          "failures": [],
          "pending": [],
          "skipped": [],
          "duration": 2381,
          "root": false,
          "rootEmpty": false,
          "_timeout": 2000
        }
      ],
      "passes": [],
      "failures": [],
      "pending": [],
      "skipped": [],
      "duration": 0,
      "root": true,
      "rootEmpty": true,
      "_timeout": 2000
    }
  ],
  "meta": {
    "mocha": {
      "version": "7.2.0"
    },
    "mochawesome": {
      "options": {
        "quiet": false,
        "reportFilename": "[status]_[datetime]-[name]",
        "saveHtml": false,
        "saveJson": true,
        "consoleReporter": "spec",
        "useInlineDiffs": false,
        "code": true
      },
      "version": "7.1.3"
    },
    "marge": {
      "options": {
        "reportDir": "./cypress/results",
        "reportFilename": "[status]_[datetime]-[name]",
        "overwrite": true,
        "html": false,
        "json": true
      },
      "version": "6.2.0"
    }
  }
}