{
  "stats": {
    "suites": 1,
    "tests": 1,
    "passes": 1,
    "pending": 0,
    "failures": 0,
    "start": "2025-08-02T17:53:32.549Z",
    "end": "2025-08-02T17:53:35.161Z",
    "duration": 2612,
    "testsRegistered": 1,
    "passPercent": 100,
    "pendingPercent": 0,
    "other": 0,
    "hasOther": false,
    "skipped": 0,
    "hasSkipped": false
  },
  "results": [
    {
      "uuid": "6034cea7-da80-4240-9aee-01bb0214d927",
      "title": "",
      "fullFile": "cypress\\e2e\\Cart_Testcases\\08_verify_removing_item_from_the_cart.cy.js",
      "file": "cypress\\e2e\\Cart_Testcases\\08_verify_removing_item_from_the_cart.cy.js",
      "beforeHooks": [],
      "afterHooks": [],
      "tests": [],
      "suites": [
        {
          "uuid": "1dbde4d7-2ad9-4054-9572-17fa76a29476",
          "title": "08_verify_removing_item_from_the_cart",
          "fullFile": "",
          "file": "",
          "beforeHooks": [],
          "afterHooks": [],
          "tests": [
            {
              "title": "02_verify_removing_item_from_the_cart",
              "fullTitle": "08_verify_removing_item_from_the_cart 02_verify_removing_item_from_the_cart",
              "timedOut": null,
              "duration": 1739,
              "state": "passed",
              "speed": "fast",
              "pass": true,
              "fail": false,
              "pending": false,
              "context": null,
              "code": "//add Sauce Labs Bike Light in the cart\n_Homepage.homepage.AddingItemtoCart(Bike_light);\n//verify the item count added to cart \n_Homepage.homepage.verifyCartIconQuantity(1);\n//verify remove item button is visible for the same product\n_Homepage.homepage.verifyRemovefromCartButton(Bike_light);\n//click on the cart icon \n_Homepage.homepage.ClickonCartBtn();\n//verify the product is added in to the cart \n_cartPage.cartpage.verifytheCartpageOpened();\n//verify the item is added to the cart \n_cartPage.cartpage.VerifyAddedItemtoCart(Bike_light);\n//verify the item count added to cart \n_Homepage.homepage.verifyCartIconQuantity(1);\n//remove the item form the container \n_cartPage.cartpage.RemoveItemfromCart(Bike_light);\n//verify the item count added to cart \n_Homepage.homepage.verifyCartIconQuantity(0);\n//verify no item present in the cart\n_cartPage.cartpage.VerifyAddedItemtoCart(Bike_light);",
              "err": {},
              "uuid": "4d19f8b3-2f74-46a8-adde-f7225237f955",
              "parentUUID": "1dbde4d7-2ad9-4054-9572-17fa76a29476",
              "isHook": false,
              "skipped": false
            }
          ],
          "suites": [],
          "passes": [
            "4d19f8b3-2f74-46a8-adde-f7225237f955"
          ],
          "failures": [],
          "pending": [],
          "skipped": [],
          "duration": 1739,
          "root": false,
          "rootEmpty": false,
          "_timeout": 2000
        }
      ],
      "passes": [],
      "failures": [],
      "pending": [],
      "skipped": [],
      "duration": 0,
      "root": true,
      "rootEmpty": true,
      "_timeout": 2000
    }
  ],
  "meta": {
    "mocha": {
      "version": "7.2.0"
    },
    "mochawesome": {
      "options": {
        "quiet": false,
        "reportFilename": "[status]_[datetime]-[name]",
        "saveHtml": false,
        "saveJson": true,
        "consoleReporter": "spec",
        "useInlineDiffs": false,
        "code": true
      },
      "version": "7.1.3"
    },
    "marge": {
      "options": {
        "reportDir": "./cypress/results",
        "reportFilename": "[status]_[datetime]-[name]",
        "overwrite": true,
        "html": false,
        "json": true
      },
      "version": "6.2.0"
    }
  }
}